<?xml version="1.0" encoding="UTF-8"?>
<!-- Generated by org.testng.reporters.JUnitXMLReporter -->
<testsuite ignored="0" hostname="BDC11-L-115FVQ7" failures="0" tests="11" name="master1" time="13.976" errors="0" timestamp="2024-12-30T15:01:25 IST">
  <testcase classname="Testcases.Tc_E2E" name="login" time="0.64"/>
  <testcase classname="Testcases.Tc_E2E" name="sort" time="0.203"/>
  <testcase classname="Testcases.Tc_E2E" name="addingitemstocart" time="0.637"/>
  <testcase classname="Testcases.Tc_E2E" name="visiblequantityonicon" time="0.033"/>
  <testcase classname="Testcases.Tc_E2E" name="clickoncart" time="0.093"/>
  <testcase classname="Testcases.Tc_E2E" name="itemscheckoncartpage" time="0.037"/>
  <testcase classname="Testcases.Tc_E2E" name="clickoncheckout" time="0.101"/>
  <testcase classname="Testcases.Tc_E2E" name="addinginfooncheckoutpage" time="0.422"/>
  <testcase classname="Testcases.Tc_E2E" name="capturingtotalprice" time="0.147"/>
  <testcase classname="Testcases.Tc_E2E" name="displaymessagecheck" time="0.158"/>
  <testcase classname="Testcases.Tc_E2E" name="logout" time="0.291"/>
</testsuite> <!-- master1 -->
