<?xml version="1.0" encoding="UTF-8"?>
<testsuite xmlns:xsi="http://www.w3.org/2001/XMLSchema-instance" xsi:noNamespaceSchemaLocation="https://maven.apache.org/surefire/maven-surefire-plugin/xsd/surefire-test-report.xsd" version="3.0.2" name="TestSuite" time="45.727" tests="14" errors="0" skipped="0" failures="0">
  <properties>
[...]
</properties>
  <testcase name="login" classname="Testcases.Tc_login_and_logout" time="0.902">
    <system-out><![CDATA[08:28:46.606 [main] DEBUG org.testng.TestNG - suiteXmlPath: "C:\Selenium_Automation\SauceDemo_Application\Master.xml"
]]></system-out>
  </testcase>
  <testcase name="logout" classname="Testcases.Tc_login_and_logout" time="0.401"/>
  <testcase name="login" classname="Testcases.Tc_E2E" time="0.575"/>
  <testcase name="sort" classname="Testcases.Tc_E2E" time="0.236"/>
  <testcase name="addingitemstocart" classname="Testcases.Tc_E2E" time="0.787"/>
  <testcase name="visiblequantityonicon" classname="Testcases.Tc_E2E" time="0.042"/>
  <testcase name="clickoncart" classname="Testcases.Tc_E2E" time="0.095"/>
  <testcase name="itemscheckoncartpage" classname="Testcases.Tc_E2E" time="0.039"/>
  <testcase name="clickoncheckout" classname="Testcases.Tc_E2E" time="0.108"/>
  <testcase name="addinginfooncheckoutpage" classname="Testcases.Tc_E2E" time="0.486"/>
  <testcase name="capturingtotalprice" classname="Testcases.Tc_E2E" time="0.158"/>
  <testcase name="displaymessagecheck" classname="Testcases.Tc_E2E" time="0.148"/>
  <testcase name="logout" classname="Testcases.Tc_E2E" time="0.301"/>
  <testcase name="loginwithinvalidcredentials" classname="Testcases.Tc_loginwithinvalidcreds" time="0.46"/>
</testsuite>