<?xml version="1.0" encoding="UTF-8"?>
<testng-results ignored="0" total="14" passed="14" failed="0" skipped="0">
  <reporter-output>
  </reporter-output>
  <suite started-at="2024-12-30T15:08:34 IST" name="Suite" finished-at="2024-12-30T15:09:05 IST" duration-ms="30757">
    <groups>
    </groups>
    <test started-at="2024-12-30T15:08:34 IST" name="master" finished-at="2024-12-30T15:09:05 IST" duration-ms="30757">
      <class name="Testcases.Tc_loginwithinvalidcreds">
        <test-method is-config="true" signature="setup(java.lang.String)[pri:0, instance:Testcases.Tc_loginwithinvalidcreds@3d1cfad4]" started-at="2024-12-30T15:08:56 IST" name="setup" finished-at="2024-12-30T15:09:03 IST" duration-ms="7180" status="PASS">
          <params>
            <param index="0">
              <value>
                <![CDATA[edge]]>
              </value>
            </param>
          </params>
          <reporter-output>
          </reporter-output>
        </test-method> <!-- setup -->
        <test-method signature="loginwithinvalidcredentials()[pri:0, instance:Testcases.Tc_loginwithinvalidcreds@3d1cfad4]" started-at="2024-12-30T15:09:03 IST" name="loginwithinvalidcredentials" finished-at="2024-12-30T15:09:03 IST" duration-ms="399" status="PASS">
          <reporter-output>
          </reporter-output>
        </test-method> <!-- loginwithinvalidcredentials -->
        <test-method is-config="true" signature="teardown()[pri:0, instance:Testcases.Tc_loginwithinvalidcreds@3d1cfad4]" started-at="2024-12-30T15:09:03 IST" name="teardown" finished-at="2024-12-30T15:09:05 IST" duration-ms="1354" status="PASS">
          <reporter-output>
          </reporter-output>
        </test-method> <!-- teardown -->
      </class> <!-- Testcases.Tc_loginwithinvalidcreds -->
      <class name="Testcases.Tc_E2E">
        <test-method is-config="true" signature="setup(java.lang.String)[pri:0, instance:Testcases.Tc_E2E@747edf66]" started-at="2024-12-30T15:08:45 IST" name="setup" finished-at="2024-12-30T15:08:52 IST" duration-ms="7264" status="PASS">
          <params>
            <param index="0">
              <value>
                <![CDATA[edge]]>
              </value>
            </param>
          </params>
          <reporter-output>
          </reporter-output>
        </test-method> <!-- setup -->
        <test-method signature="login()[pri:1, instance:Testcases.Tc_E2E@747edf66]" started-at="2024-12-30T15:08:52 IST" name="login" finished-at="2024-12-30T15:08:53 IST" duration-ms="387" status="PASS">
          <reporter-output>
          </reporter-output>
        </test-method> <!-- login -->
        <test-method signature="sort()[pri:2, instance:Testcases.Tc_E2E@747edf66]" started-at="2024-12-30T15:08:53 IST" name="sort" finished-at="2024-12-30T15:08:53 IST" duration-ms="146" status="PASS">
          <reporter-output>
          </reporter-output>
        </test-method> <!-- sort -->
        <test-method signature="addingitemstocart()[pri:3, instance:Testcases.Tc_E2E@747edf66]" started-at="2024-12-30T15:08:53 IST" name="addingitemstocart" finished-at="2024-12-30T15:08:53 IST" duration-ms="467" status="PASS">
          <reporter-output>
          </reporter-output>
        </test-method> <!-- addingitemstocart -->
        <test-method signature="visiblequantityonicon()[pri:4, instance:Testcases.Tc_E2E@747edf66]" started-at="2024-12-30T15:08:53 IST" name="visiblequantityonicon" finished-at="2024-12-30T15:08:53 IST" duration-ms="30" status="PASS">
          <reporter-output>
          </reporter-output>
        </test-method> <!-- visiblequantityonicon -->
        <test-method signature="clickoncart()[pri:5, instance:Testcases.Tc_E2E@747edf66]" started-at="2024-12-30T15:08:53 IST" name="clickoncart" finished-at="2024-12-30T15:08:54 IST" duration-ms="84" status="PASS">
          <reporter-output>
          </reporter-output>
        </test-method> <!-- clickoncart -->
        <test-method signature="itemscheckoncartpage()[pri:6, instance:Testcases.Tc_E2E@747edf66]" started-at="2024-12-30T15:08:54 IST" name="itemscheckoncartpage" finished-at="2024-12-30T15:08:54 IST" duration-ms="42" status="PASS">
          <reporter-output>
          </reporter-output>
        </test-method> <!-- itemscheckoncartpage -->
        <test-method signature="clickoncheckout()[pri:7, instance:Testcases.Tc_E2E@747edf66]" started-at="2024-12-30T15:08:54 IST" name="clickoncheckout" finished-at="2024-12-30T15:08:54 IST" duration-ms="69" status="PASS">
          <reporter-output>
          </reporter-output>
        </test-method> <!-- clickoncheckout -->
        <test-method signature="addinginfooncheckoutpage()[pri:8, instance:Testcases.Tc_E2E@747edf66]" started-at="2024-12-30T15:08:54 IST" name="addinginfooncheckoutpage" finished-at="2024-12-30T15:08:54 IST" duration-ms="322" status="PASS">
          <reporter-output>
          </reporter-output>
        </test-method> <!-- addinginfooncheckoutpage -->
        <test-method signature="capturingtotalprice()[pri:9, instance:Testcases.Tc_E2E@747edf66]" started-at="2024-12-30T15:08:54 IST" name="capturingtotalprice" finished-at="2024-12-30T15:08:54 IST" duration-ms="97" status="PASS">
          <reporter-output>
          </reporter-output>
        </test-method> <!-- capturingtotalprice -->
        <test-method signature="displaymessagecheck()[pri:10, instance:Testcases.Tc_E2E@747edf66]" started-at="2024-12-30T15:08:54 IST" name="displaymessagecheck" finished-at="2024-12-30T15:08:54 IST" duration-ms="94" status="PASS">
          <reporter-output>
          </reporter-output>
        </test-method> <!-- displaymessagecheck -->
        <test-method signature="logout()[pri:11, instance:Testcases.Tc_E2E@747edf66]" started-at="2024-12-30T15:08:54 IST" name="logout" finished-at="2024-12-30T15:08:54 IST" duration-ms="226" status="PASS">
          <reporter-output>
          </reporter-output>
        </test-method> <!-- logout -->
        <test-method is-config="true" signature="teardown()[pri:0, instance:Testcases.Tc_E2E@747edf66]" started-at="2024-12-30T15:08:54 IST" name="teardown" finished-at="2024-12-30T15:08:56 IST" duration-ms="1380" status="PASS">
          <reporter-output>
          </reporter-output>
        </test-method> <!-- teardown -->
      </class> <!-- Testcases.Tc_E2E -->
      <class name="Testcases.Tc_login_and_logout">
        <test-method is-config="true" signature="setup(java.lang.String)[pri:0, instance:Testcases.Tc_login_and_logout@34f7cfd9]" started-at="2024-12-30T15:08:34 IST" name="setup" finished-at="2024-12-30T15:08:43 IST" duration-ms="8921" status="PASS">
          <params>
            <param index="0">
              <value>
                <![CDATA[edge]]>
              </value>
            </param>
          </params>
          <reporter-output>
          </reporter-output>
        </test-method> <!-- setup -->
        <test-method signature="login()[pri:0, instance:Testcases.Tc_login_and_logout@34f7cfd9]" started-at="2024-12-30T15:08:43 IST" name="login" finished-at="2024-12-30T15:08:44 IST" duration-ms="398" status="PASS">
          <reporter-output>
          </reporter-output>
        </test-method> <!-- login -->
        <test-method signature="logout()[pri:0, instance:Testcases.Tc_login_and_logout@34f7cfd9]" started-at="2024-12-30T15:08:44 IST" name="logout" finished-at="2024-12-30T15:08:44 IST" duration-ms="253" status="PASS">
          <reporter-output>
          </reporter-output>
        </test-method> <!-- logout -->
        <test-method is-config="true" signature="teardown()[pri:0, instance:Testcases.Tc_login_and_logout@34f7cfd9]" started-at="2024-12-30T15:08:44 IST" name="teardown" finished-at="2024-12-30T15:08:45 IST" duration-ms="1342" status="PASS">
          <reporter-output>
          </reporter-output>
        </test-method> <!-- teardown -->
      </class> <!-- Testcases.Tc_login_and_logout -->
    </test> <!-- master -->
  </suite> <!-- Suite -->
</testng-results>
